SYS:LOAD1                       0.938965
SYS:UPTIME                      13738
SYS:UPTIME                      13740
SYS:LOAD1                       0.943848
SYS:UPTIME                      13742
SYS:UPTIME                      13744
SYS:UPTIME                      13746
SYS:LOAD1                       0.948242
SYS:UPTIME                      13748
SYS:UPTIME                      13750
SYS:LOAD1                       0.952148
SYS:UPTIME                      13752
SYS:UPTIME                      13754
SYS:UPTIME                      13756
SYS:LOAD1                       0.955566
SYS:UPTIME                      13758
SYS:UPTIME                      13760
SYS:LOAD1                       0.958984
SYS:UPTIME                      13762
SYS:UPTIME                      13764
SYS:UPTIME                      13766
SYS:LOAD1                       0.961914
SYS:UPTIME                      13768
SYS:UPTIME                      13770
SYS:LOAD1                       0.964844
SYS:UPTIME                      13772
SYS:UPTIME                      13774
SYS:UPTIME                      13776
SYS:LOAD1                       0.967285
SYS:UPTIME                      13778
SYS:UPTIME                      13780
SYS:LOAD1                       0.969727
SYS:UPTIME                      13782
